{"numTotalTestSuites":368,"numPassedTestSuites":368,"numFailedTestSuites":0,"numPendingTestSuites":0,"numTotalTests":977,"numPassedTests":918,"numFailedTests":59,"numPendingTests":0,"numTodoTests":0,"startTime":1768776474984,"success":false,"testResults":[{"assertionResults":[{"ancestorTitles":["","AchievementManager","Achievement Unlocking"],"fullName":" AchievementManager Achievement Unlocking should unlock achievement and set timestamp","status":"passed","title":"should unlock achievement and set timestamp","duration":18,"failureMessages":[]},{"ancestorTitles":["","AchievementManager","Achievement Unlocking"],"fullName":" AchievementManager Achievement Unlocking should not unlock same achievement twice","status":"passed","title":"should not unlock same achievement twice","duration":6,"failureMessages":[]},{"ancestorTitles":["","AchievementManager","Achievement Unlocking"],"fullName":" AchievementManager Achievement Unlocking should save to localStorage on unlock","status":"passed","title":"should save to localStorage on unlock","duration":3,"failureMessages":[]},{"ancestorTitles":["","AchievementManager","Achievement Unlocking"],"fullName":" AchievementManager Achievement Unlocking should trigger sensory feedback on unlock","status":"passed","title":"should trigger sensory feedback on unlock","duration":4,"failureMessages":[]},{"ancestorTitles":["","AchievementManager","Speed Runner Achievement"],"fullName":" AchievementManager Speed Runner Achievement should unlock if route completed in < 30 minutes","status":"passed","title":"should unlock if route completed in < 30 minutes","duration":2,"failureMessages":[]},{"ancestorTitles":["","AchievementManager","Speed Runner Achievement"],"fullName":" AchievementManager Speed Runner Achievement should not unlock if route took > 30 minutes","status":"passed","title":"should not unlock if route took > 30 minutes","duration":1,"failureMessages":[]},{"ancestorTitles":["","AchievementManager","Archivist Achievement"],"fullName":" AchievementManager Archivist Achievement should unlock when 13+ Tori notes collected","status":"passed","title":"should unlock when 13+ Tori notes collected","duration":2,"failureMessages":[]},{"ancestorTitles":["","AchievementManager","Archivist Achievement"],"fullName":" AchievementManager Archivist Achievement should not unlock with fewer than 13 notes","status":"passed","title":"should not unlock with fewer than 13 notes","duration":0,"failureMessages":[]},{"ancestorTitles":["","AchievementManager","Ending Achievements"],"fullName":" AchievementManager Ending Achievements should unlock Time Traveler on first ending","status":"passed","title":"should unlock Time Traveler on first ending","duration":5,"failureMessages":[]},{"ancestorTitles":["","AchievementManager","Ending Achievements"],"fullName":" AchievementManager Ending Achievements should unlock Heartbreaker on bad ending","status":"passed","title":"should unlock Heartbreaker on bad ending","duration":5,"failureMessages":[]},{"ancestorTitles":["","AchievementManager","Ending Achievements"],"fullName":" AchievementManager Ending Achievements should unlock True Ending on true ending","status":"passed","title":"should unlock True Ending on true ending","duration":2,"failureMessages":[]},{"ancestorTitles":["","AchievementManager","Ending Achievements"],"fullName":" AchievementManager Ending Achievements should unlock Completionist when all endings reached","status":"passed","title":"should unlock Completionist when all endings reached","duration":4,"failureMessages":[]},{"ancestorTitles":["","AchievementManager","Ending Achievements"],"fullName":" AchievementManager Ending Achievements should not unlock Completionist with only 2 endings","status":"passed","title":"should not unlock Completionist with only 2 endings","duration":10,"failureMessages":[]},{"ancestorTitles":["","AchievementManager","Explorer Achievement"],"fullName":" AchievementManager Explorer Achievement should unlock after 100+ backlog views","status":"passed","title":"should unlock after 100+ backlog views","duration":1,"failureMessages":[]},{"ancestorTitles":["","AchievementManager","Explorer Achievement"],"fullName":" AchievementManager Explorer Achievement should not unlock with fewer than 100 views","status":"passed","title":"should not unlock with fewer than 100 views","duration":0,"failureMessages":[]},{"ancestorTitles":["","AchievementManager","Pet Parent Achievement"],"fullName":" AchievementManager Pet Parent Achievement should unlock when torigatchiUnlocked flag is true","status":"passed","title":"should unlock when torigatchiUnlocked flag is true","duration":1,"failureMessages":[]},{"ancestorTitles":["","AchievementManager","Pet Parent Achievement"],"fullName":" AchievementManager Pet Parent Achievement should not unlock when flag is false","status":"passed","title":"should not unlock when flag is false","duration":1,"failureMessages":[]},{"ancestorTitles":["","AchievementManager","Insane Mode Achievement"],"fullName":" AchievementManager Insane Mode Achievement should unlock when completing on insane difficulty","status":"passed","title":"should unlock when completing on insane difficulty","duration":1,"failureMessages":[]},{"ancestorTitles":["","AchievementManager","Insane Mode Achievement"],"fullName":" AchievementManager Insane Mode Achievement should not unlock on normal difficulty","status":"passed","title":"should not unlock on normal difficulty","duration":0,"failureMessages":[]},{"ancestorTitles":["","AchievementManager","Stats Tracking"],"fullName":" AchievementManager Stats Tracking should track route start time","status":"passed","title":"should track route start time","duration":0,"failureMessages":[]},{"ancestorTitles":["","AchievementManager","Stats Tracking"],"fullName":" AchievementManager Stats Tracking should track endings reached","status":"passed","title":"should track endings reached","duration":3,"failureMessages":[]},{"ancestorTitles":["","AchievementManager","Stats Tracking"],"fullName":" AchievementManager Stats Tracking should not duplicate endings in stats","status":"passed","title":"should not duplicate endings in stats","duration":2,"failureMessages":[]},{"ancestorTitles":["","AchievementManager","Stats Tracking"],"fullName":" AchievementManager Stats Tracking should persist stats to localStorage","status":"passed","title":"should persist stats to localStorage","duration":0,"failureMessages":[]},{"ancestorTitles":["","AchievementManager","Utility Methods"],"fullName":" AchievementManager Utility Methods should return total unlocked count","status":"passed","title":"should return total unlocked count","duration":2,"failureMessages":[]},{"ancestorTitles":["","AchievementManager","Utility Methods"],"fullName":" AchievementManager Utility Methods should return total achievements count","status":"passed","title":"should return total achievements count","duration":0,"failureMessages":[]},{"ancestorTitles":["","AchievementManager","Persistence"],"fullName":" AchievementManager Persistence should load achievements from localStorage","status":"passed","title":"should load achievements from localStorage","duration":0,"failureMessages":[]},{"ancestorTitles":["","AchievementManager","Persistence"],"fullName":" AchievementManager Persistence should load stats from localStorage","status":"passed","title":"should load stats from localStorage","duration":0,"failureMessages":[]},{"ancestorTitles":["","AchievementManager","Persistence"],"fullName":" AchievementManager Persistence should handle corrupted localStorage gracefully","status":"passed","title":"should handle corrupted localStorage gracefully","duration":13,"failureMessages":[]}],"startTime":1768776477907,"endTime":1768776477996,"status":"passed","message":"","name":"C:/Users/silve/Downloads/GitHub/VN-Project/tests/achievement-manager.test.js"},{"assertionResults":[{"ancestorTitles":["","CollectiblesManager","Route-specific note counting"],"fullName":" CollectiblesManager Route-specific note counting should count only Tori route notes (z, cz, zr)","status":"passed","title":"should count only Tori route notes (z, cz, zr)","duration":3,"failureMessages":[]},{"ancestorTitles":["","CollectiblesManager","Route-specific note counting"],"fullName":" CollectiblesManager Route-specific note counting should count only Ronnie route notes (gz, iz, pz, special)","status":"passed","title":"should count only Ronnie route notes (gz, iz, pz, special)","duration":1,"failureMessages":[]},{"ancestorTitles":["","CollectiblesManager","Route-specific note counting"],"fullName":" CollectiblesManager Route-specific note counting should return correct total count for Tori route","status":"passed","title":"should return correct total count for Tori route","duration":2,"failureMessages":[]},{"ancestorTitles":["","CollectiblesManager","Route-specific note counting"],"fullName":" CollectiblesManager Route-specific note counting should return correct total count for Ronnie route","status":"passed","title":"should return correct total count for Ronnie route","duration":0,"failureMessages":[]},{"ancestorTitles":["","CollectiblesManager","Note unlocking"],"fullName":" CollectiblesManager Note unlocking should unlock a note and add to collected list","status":"passed","title":"should unlock a note and add to collected list","duration":2,"failureMessages":[]},{"ancestorTitles":["","CollectiblesManager","Note unlocking"],"fullName":" CollectiblesManager Note unlocking should not unlock the same note twice","status":"passed","title":"should not unlock the same note twice","duration":1,"failureMessages":[]},{"ancestorTitles":["","CollectiblesManager","Note unlocking"],"fullName":" CollectiblesManager Note unlocking should check if note is unlocked","status":"passed","title":"should check if note is unlocked","duration":1,"failureMessages":[]},{"ancestorTitles":["","CollectiblesManager","General counting"],"fullName":" CollectiblesManager General counting should count all collected notes across all types","status":"passed","title":"should count all collected notes across all types","duration":0,"failureMessages":[]},{"ancestorTitles":["","CollectiblesManager","General counting"],"fullName":" CollectiblesManager General counting should count total notes of specific type","status":"passed","title":"should count total notes of specific type","duration":1,"failureMessages":[]},{"ancestorTitles":["","CollectiblesManager","Fallback behavior"],"fullName":" CollectiblesManager Fallback behavior should fallback to all notes when route is null","status":"passed","title":"should fallback to all notes when route is null","duration":0,"failureMessages":[]},{"ancestorTitles":["","CollectiblesManager","Fallback behavior"],"fullName":" CollectiblesManager Fallback behavior should fallback to all notes when route name is missing","status":"passed","title":"should fallback to all notes when route name is missing","duration":0,"failureMessages":[]}],"startTime":1768776480581,"endTime":1768776480593,"status":"passed","message":"","name":"C:/Users/silve/Downloads/GitHub/VN-Project/tests/collectibles-manager.test.js"},{"assertionResults":[{"ancestorTitles":["","CreditsController","constructor"],"fullName":" CreditsController constructor should initialize with game reference","status":"passed","title":"should initialize with game reference","duration":2,"failureMessages":[]},{"ancestorTitles":["","CreditsController","constructor"],"fullName":" CreditsController constructor should initialize currentPhotoIndex to 0","status":"passed","title":"should initialize currentPhotoIndex to 0","duration":0,"failureMessages":[]},{"ancestorTitles":["","CreditsController","constructor"],"fullName":" CreditsController constructor should initialize photoInterval to null","status":"passed","title":"should initialize photoInterval to null","duration":0,"failureMessages":[]},{"ancestorTitles":["","CreditsController","showCredits"],"fullName":" CreditsController showCredits should return credits info object","status":"passed","title":"should return credits info object","duration":1,"failureMessages":[]},{"ancestorTitles":["","CreditsController","showCredits"],"fullName":" CreditsController showCredits should get player version from state","status":"passed","title":"should get player version from state","duration":1,"failureMessages":[]},{"ancestorTitles":["","CreditsController","showCredits"],"fullName":" CreditsController showCredits should detect landscape mode when width > height","status":"passed","title":"should detect landscape mode when width > height","duration":0,"failureMessages":[]},{"ancestorTitles":["","CreditsController","showCredits"],"fullName":" CreditsController showCredits should detect portrait mode when height > width","status":"passed","title":"should detect portrait mode when height > width","duration":0,"failureMessages":[]},{"ancestorTitles":["","CreditsController","showCredits"],"fullName":" CreditsController showCredits should have photos for digital_forever ending","status":"passed","title":"should have photos for digital_forever ending","duration":0,"failureMessages":[]},{"ancestorTitles":["","CreditsController","showCredits"],"fullName":" CreditsController showCredits should have photos for tori_memory ending","status":"passed","title":"should have photos for tori_memory ending","duration":1,"failureMessages":[]},{"ancestorTitles":["","CreditsController","showCredits"],"fullName":" CreditsController showCredits should not have photos for bad_end_despair","status":"passed","title":"should not have photos for bad_end_despair","duration":1,"failureMessages":[]},{"ancestorTitles":["","CreditsController","showCredits"],"fullName":" CreditsController showCredits should use landscape_photos layout for landscape with photos","status":"passed","title":"should use landscape_photos layout for landscape with photos","duration":0,"failureMessages":[]},{"ancestorTitles":["","CreditsController","showCredits"],"fullName":" CreditsController showCredits should use portrait_photos layout for portrait with photos","status":"passed","title":"should use portrait_photos layout for portrait with photos","duration":1,"failureMessages":[]},{"ancestorTitles":["","CreditsController","showCredits"],"fullName":" CreditsController showCredits should use standard layout without photos","status":"passed","title":"should use standard layout without photos","duration":0,"failureMessages":[]},{"ancestorTitles":["","CreditsController","buildDynamicTitleSection"],"fullName":" CreditsController buildDynamicTitleSection should return title object","status":"passed","title":"should return title object","duration":0,"failureMessages":[]},{"ancestorTitles":["","CreditsController","buildDynamicTitleSection"],"fullName":" CreditsController buildDynamicTitleSection should have correct title for digital_forever","status":"passed","title":"should have correct title for digital_forever","duration":1,"failureMessages":[]},{"ancestorTitles":["","CreditsController","buildDynamicTitleSection"],"fullName":" CreditsController buildDynamicTitleSection should have correct title for tori_memory","status":"passed","title":"should have correct title for tori_memory","duration":1,"failureMessages":[]},{"ancestorTitles":["","CreditsController","buildDynamicTitleSection"],"fullName":" CreditsController buildDynamicTitleSection should have correct title for bad_end_despair","status":"passed","title":"should have correct title for bad_end_despair","duration":0,"failureMessages":[]},{"ancestorTitles":["","CreditsController","buildDynamicTitleSection"],"fullName":" CreditsController buildDynamicTitleSection should have correct title for bad_end_fade","status":"passed","title":"should have correct title for bad_end_fade","duration":0,"failureMessages":[]},{"ancestorTitles":["","CreditsController","buildDynamicTitleSection"],"fullName":" CreditsController buildDynamicTitleSection should use default title for unknown ending","status":"passed","title":"should use default title for unknown ending","duration":0,"failureMessages":[]},{"ancestorTitles":["","CreditsController","buildDynamicTitleSection"],"fullName":" CreditsController buildDynamicTitleSection should include loop version in subtitle","status":"passed","title":"should include loop version in subtitle","duration":0,"failureMessages":[]},{"ancestorTitles":["","CreditsController","buildDynamicTitleSection"],"fullName":" CreditsController buildDynamicTitleSection should preserve ending type in result","status":"passed","title":"should preserve ending type in result","duration":1,"failureMessages":[]},{"ancestorTitles":["","CreditsController","cycleCreditsPhotos"],"fullName":" CreditsController cycleCreditsPhotos should return null for zero photos","status":"passed","title":"should return null for zero photos","duration":0,"failureMessages":[]},{"ancestorTitles":["","CreditsController","cycleCreditsPhotos"],"fullName":" CreditsController cycleCreditsPhotos should reset currentPhotoIndex to 0","status":"passed","title":"should reset currentPhotoIndex to 0","duration":0,"failureMessages":[]},{"ancestorTitles":["","CreditsController","cycleCreditsPhotos"],"fullName":" CreditsController cycleCreditsPhotos should start interval for positive photo count","status":"passed","title":"should start interval for positive photo count","duration":1,"failureMessages":[]},{"ancestorTitles":["","CreditsController","cycleCreditsPhotos"],"fullName":" CreditsController cycleCreditsPhotos should store interval ID","status":"passed","title":"should store interval ID","duration":0,"failureMessages":[]},{"ancestorTitles":["","CreditsController","stopPhotoCycle"],"fullName":" CreditsController stopPhotoCycle should clear interval if active","status":"passed","title":"should clear interval if active","duration":1,"failureMessages":[]},{"ancestorTitles":["","CreditsController","stopPhotoCycle"],"fullName":" CreditsController stopPhotoCycle should set photoInterval to null","status":"passed","title":"should set photoInterval to null","duration":1,"failureMessages":[]},{"ancestorTitles":["","CreditsController","stopPhotoCycle"],"fullName":" CreditsController stopPhotoCycle should not throw if no interval active","status":"passed","title":"should not throw if no interval active","duration":1,"failureMessages":[]},{"ancestorTitles":["","CreditsController","getLayoutMode"],"fullName":" CreditsController getLayoutMode should return landscape when width > height","status":"passed","title":"should return landscape when width > height","duration":0,"failureMessages":[]},{"ancestorTitles":["","CreditsController","getLayoutMode"],"fullName":" CreditsController getLayoutMode should return portrait when height > width","status":"passed","title":"should return portrait when height > width","duration":1,"failureMessages":[]},{"ancestorTitles":["","CreditsController","getLayoutMode"],"fullName":" CreditsController getLayoutMode should return portrait when equal","status":"passed","title":"should return portrait when equal","duration":0,"failureMessages":[]},{"ancestorTitles":["","CreditsController","getPhotosByEnding"],"fullName":" CreditsController getPhotosByEnding should return photos for digital_forever","status":"passed","title":"should return photos for digital_forever","duration":0,"failureMessages":[]},{"ancestorTitles":["","CreditsController","getPhotosByEnding"],"fullName":" CreditsController getPhotosByEnding should return photos for tori_memory","status":"passed","title":"should return photos for tori_memory","duration":0,"failureMessages":[]},{"ancestorTitles":["","CreditsController","getPhotosByEnding"],"fullName":" CreditsController getPhotosByEnding should return empty array for bad endings","status":"passed","title":"should return empty array for bad endings","duration":1,"failureMessages":[]},{"ancestorTitles":["","CreditsController","getPhotosByEnding"],"fullName":" CreditsController getPhotosByEnding should return empty array for unknown ending","status":"passed","title":"should return empty array for unknown ending","duration":0,"failureMessages":[]}],"startTime":1768776477732,"endTime":1768776477749,"status":"passed","message":"","name":"C:/Users/silve/Downloads/GitHub/VN-Project/tests/credits-controller.test.js"},{"assertionResults":[{"ancestorTitles":["","EasterEggController","constructor"],"fullName":" EasterEggController constructor should initialize with game reference","status":"passed","title":"should initialize with game reference","duration":2,"failureMessages":[]},{"ancestorTitles":["","EasterEggController","constructor"],"fullName":" EasterEggController constructor should initialize empty buffer","status":"passed","title":"should initialize empty buffer","duration":0,"failureMessages":[]},{"ancestorTitles":["","EasterEggController","constructor"],"fullName":" EasterEggController constructor should initialize null listener","status":"passed","title":"should initialize null listener","duration":1,"failureMessages":[]},{"ancestorTitles":["","EasterEggController","detectEasterEggCode"],"fullName":" EasterEggController detectEasterEggCode should recognize torigatchi code","status":"passed","title":"should recognize torigatchi code","duration":0,"failureMessages":[]},{"ancestorTitles":["","EasterEggController","detectEasterEggCode"],"fullName":" EasterEggController detectEasterEggCode should recognize always code","status":"passed","title":"should recognize always code","duration":1,"failureMessages":[]},{"ancestorTitles":["","EasterEggController","detectEasterEggCode"],"fullName":" EasterEggController detectEasterEggCode should recognize always3 code","status":"passed","title":"should recognize always3 code","duration":0,"failureMessages":[]},{"ancestorTitles":["","EasterEggController","detectEasterEggCode"],"fullName":" EasterEggController detectEasterEggCode should recognize dizee code","status":"passed","title":"should recognize dizee code","duration":0,"failureMessages":[]},{"ancestorTitles":["","EasterEggController","detectEasterEggCode"],"fullName":" EasterEggController detectEasterEggCode should recognize loop code","status":"passed","title":"should recognize loop code","duration":1,"failureMessages":[]},{"ancestorTitles":["","EasterEggController","detectEasterEggCode"],"fullName":" EasterEggController detectEasterEggCode should recognize uv7 code","status":"passed","title":"should recognize uv7 code","duration":0,"failureMessages":[]},{"ancestorTitles":["","EasterEggController","detectEasterEggCode"],"fullName":" EasterEggController detectEasterEggCode should return null for unknown codes","status":"passed","title":"should return null for unknown codes","duration":0,"failureMessages":[]},{"ancestorTitles":["","EasterEggController","detectEasterEggCode"],"fullName":" EasterEggController detectEasterEggCode should be case insensitive","status":"passed","title":"should be case insensitive","duration":1,"failureMessages":[]},{"ancestorTitles":["","EasterEggController","detectEasterEggCode"],"fullName":" EasterEggController detectEasterEggCode should trim whitespace","status":"passed","title":"should trim whitespace","duration":0,"failureMessages":[]},{"ancestorTitles":["","EasterEggController","addToBuffer"],"fullName":" EasterEggController addToBuffer should add character to buffer","status":"passed","title":"should add character to buffer","duration":0,"failureMessages":[]},{"ancestorTitles":["","EasterEggController","addToBuffer"],"fullName":" EasterEggController addToBuffer should accumulate characters","status":"passed","title":"should accumulate characters","duration":0,"failureMessages":[]},{"ancestorTitles":["","EasterEggController","addToBuffer"],"fullName":" EasterEggController addToBuffer should convert to lowercase","status":"passed","title":"should convert to lowercase","duration":1,"failureMessages":[]},{"ancestorTitles":["","EasterEggController","addToBuffer"],"fullName":" EasterEggController addToBuffer should limit buffer size to 20","status":"passed","title":"should limit buffer size to 20","duration":0,"failureMessages":[]},{"ancestorTitles":["","EasterEggController","addToBuffer"],"fullName":" EasterEggController addToBuffer should return current buffer","status":"passed","title":"should return current buffer","duration":0,"failureMessages":[]},{"ancestorTitles":["","EasterEggController","clearBuffer"],"fullName":" EasterEggController clearBuffer should clear the buffer","status":"passed","title":"should clear the buffer","duration":0,"failureMessages":[]},{"ancestorTitles":["","EasterEggController","checkBufferForCode"],"fullName":" EasterEggController checkBufferForCode should detect torigatchi in buffer","status":"passed","title":"should detect torigatchi in buffer","duration":1,"failureMessages":[]},{"ancestorTitles":["","EasterEggController","checkBufferForCode"],"fullName":" EasterEggController checkBufferForCode should detect always3 before always","status":"passed","title":"should detect always3 before always","duration":0,"failureMessages":[]},{"ancestorTitles":["","EasterEggController","checkBufferForCode"],"fullName":" EasterEggController checkBufferForCode should detect always in buffer","status":"passed","title":"should detect always in buffer","duration":0,"failureMessages":[]},{"ancestorTitles":["","EasterEggController","checkBufferForCode"],"fullName":" EasterEggController checkBufferForCode should return null if no code found","status":"passed","title":"should return null if no code found","duration":0,"failureMessages":[]},{"ancestorTitles":["","EasterEggController","initializeEasterEggListener"],"fullName":" EasterEggController initializeEasterEggListener should create listener function","status":"passed","title":"should create listener function","duration":0,"failureMessages":[]},{"ancestorTitles":["","EasterEggController","initializeEasterEggListener"],"fullName":" EasterEggController initializeEasterEggListener should store listener reference","status":"passed","title":"should store listener reference","duration":0,"failureMessages":[]},{"ancestorTitles":["","EasterEggController","initializeEasterEggListener"],"fullName":" EasterEggController initializeEasterEggListener should add event listener to document","status":"passed","title":"should add event listener to document","duration":3,"failureMessages":[]},{"ancestorTitles":["","EasterEggController","removeEasterEggListener"],"fullName":" EasterEggController removeEasterEggListener should remove listener from document","status":"passed","title":"should remove listener from document","duration":0,"failureMessages":[]},{"ancestorTitles":["","EasterEggController","removeEasterEggListener"],"fullName":" EasterEggController removeEasterEggListener should clear listener reference","status":"passed","title":"should clear listener reference","duration":0,"failureMessages":[]},{"ancestorTitles":["","EasterEggController","removeEasterEggListener"],"fullName":" EasterEggController removeEasterEggListener should not throw if no listener active","status":"passed","title":"should not throw if no listener active","duration":1,"failureMessages":[]},{"ancestorTitles":["","EasterEggController","triggerEasterEgg"],"fullName":" EasterEggController triggerEasterEgg should log easter egg trigger","status":"passed","title":"should log easter egg trigger","duration":0,"failureMessages":[]},{"ancestorTitles":["","EasterEggController","triggerEasterEgg"],"fullName":" EasterEggController triggerEasterEgg should return true for valid code","status":"passed","title":"should return true for valid code","duration":1,"failureMessages":[]},{"ancestorTitles":["","EasterEggController","triggerEasterEgg"],"fullName":" EasterEggController triggerEasterEgg should return false for unknown code","status":"passed","title":"should return false for unknown code","duration":0,"failureMessages":[]},{"ancestorTitles":["","EasterEggController","triggerEasterEgg"],"fullName":" EasterEggController triggerEasterEgg should trigger torigatchi action","status":"passed","title":"should trigger torigatchi action","duration":0,"failureMessages":[]},{"ancestorTitles":["","EasterEggController","triggerEasterEgg"],"fullName":" EasterEggController triggerEasterEgg should trigger always action","status":"passed","title":"should trigger always action","duration":0,"failureMessages":[]},{"ancestorTitles":["","EasterEggController","triggerEasterEgg"],"fullName":" EasterEggController triggerEasterEgg should trigger loop action","status":"passed","title":"should trigger loop action","duration":0,"failureMessages":[]},{"ancestorTitles":["","EasterEggController","showUnlockOverlay"],"fullName":" EasterEggController showUnlockOverlay should return success object","status":"passed","title":"should return success object","duration":0,"failureMessages":[]},{"ancestorTitles":["","EasterEggController","showUnlockOverlay"],"fullName":" EasterEggController showUnlockOverlay should include title in result","status":"passed","title":"should include title in result","duration":1,"failureMessages":[]},{"ancestorTitles":["","EasterEggController","showUnlockOverlay"],"fullName":" EasterEggController showUnlockOverlay should include content in result","status":"passed","title":"should include content in result","duration":0,"failureMessages":[]},{"ancestorTitles":["","EasterEggController","showUnlockOverlay"],"fullName":" EasterEggController showUnlockOverlay should use default type of code","status":"passed","title":"should use default type of code","duration":0,"failureMessages":[]},{"ancestorTitles":["","EasterEggController","showUnlockOverlay"],"fullName":" EasterEggController showUnlockOverlay should accept custom type","status":"passed","title":"should accept custom type","duration":0,"failureMessages":[]},{"ancestorTitles":["","EasterEggController","showUnlockOverlay"],"fullName":" EasterEggController showUnlockOverlay should create overlay element","status":"passed","title":"should create overlay element","duration":0,"failureMessages":[]},{"ancestorTitles":["","EasterEggController","showUnlockOverlay"],"fullName":" EasterEggController showUnlockOverlay should append to document body","status":"passed","title":"should append to document body","duration":1,"failureMessages":[]}],"startTime":1768776476383,"endTime":1768776476399,"status":"passed","message":"","name":"C:/Users/silve/Downloads/GitHub/VN-Project/tests/easter-egg-controller.test.js"},{"assertionResults":[{"ancestorTitles":["","EchoMemorySystem","Initialization & Persistence"],"fullName":" EchoMemorySystem Initialization & Persistence should initialize with default memory state","status":"passed","title":"should initialize with default memory state","duration":5,"failureMessages":[]},{"ancestorTitles":["","EchoMemorySystem","Initialization & Persistence"],"fullName":" EchoMemorySystem Initialization & Persistence should load memory from localStorage","status":"passed","title":"should load memory from localStorage","duration":1,"failureMessages":[]},{"ancestorTitles":["","EchoMemorySystem","Initialization & Persistence"],"fullName":" EchoMemorySystem Initialization & Persistence should save memory to localStorage","status":"passed","title":"should save memory to localStorage","duration":1,"failureMessages":[]},{"ancestorTitles":["","EchoMemorySystem","Loop Tracking"],"fullName":" EchoMemorySystem Loop Tracking should increment totalLoops on recordLoop()","status":"passed","title":"should increment totalLoops on recordLoop()","duration":1,"failureMessages":[]},{"ancestorTitles":["","EchoMemorySystem","Loop Tracking"],"fullName":" EchoMemorySystem Loop Tracking should update awareness levels based on loop count","status":"passed","title":"should update awareness levels based on loop count","duration":1,"failureMessages":[]},{"ancestorTitles":["","EchoMemorySystem","Loop Tracking"],"fullName":" EchoMemorySystem Loop Tracking should record route completions","status":"passed","title":"should record route completions","duration":1,"failureMessages":[]},{"ancestorTitles":["","EchoMemorySystem","Death Tracking"],"fullName":" EchoMemorySystem Death Tracking should record death locations","status":"passed","title":"should record death locations","duration":0,"failureMessages":[]},{"ancestorTitles":["","EchoMemorySystem","Death Tracking"],"fullName":" EchoMemorySystem Death Tracking should increment tetherDeaths counter","status":"passed","title":"should increment tetherDeaths counter","duration":1,"failureMessages":[]},{"ancestorTitles":["","EchoMemorySystem","Death Tracking"],"fullName":" EchoMemorySystem Death Tracking should increment despairDeaths counter","status":"passed","title":"should increment despairDeaths counter","duration":0,"failureMessages":[]},{"ancestorTitles":["","EchoMemorySystem","Death Tracking"],"fullName":" EchoMemorySystem Death Tracking should trigger despair comment after 3+ deaths at same location","status":"passed","title":"should trigger despair comment after 3+ deaths at same location","duration":2,"failureMessages":[]},{"ancestorTitles":["","EchoMemorySystem","Behavior Tracking"],"fullName":" EchoMemorySystem Behavior Tracking should detect save scumming (save/load within 10 seconds)","status":"passed","title":"should detect save scumming (save/load within 10 seconds)","duration":1,"failureMessages":[]},{"ancestorTitles":["","EchoMemorySystem","Behavior Tracking"],"fullName":" EchoMemorySystem Behavior Tracking should record choice patterns","status":"passed","title":"should record choice patterns","duration":1,"failureMessages":[]},{"ancestorTitles":["","EchoMemorySystem","Behavior Tracking"],"fullName":" EchoMemorySystem Behavior Tracking should track long pauses at choices","status":"passed","title":"should track long pauses at choices","duration":0,"failureMessages":[]},{"ancestorTitles":["","EchoMemorySystem","Behavior Tracking"],"fullName":" EchoMemorySystem Behavior Tracking should track notes viewer opens","status":"passed","title":"should track notes viewer opens","duration":1,"failureMessages":[]},{"ancestorTitles":["","EchoMemorySystem","Echo Comment System"],"fullName":" EchoMemorySystem Echo Comment System should trigger hope comments based on awareness level","status":"passed","title":"should trigger hope comments based on awareness level","duration":0,"failureMessages":[]},{"ancestorTitles":["","EchoMemorySystem","Echo Comment System"],"fullName":" EchoMemorySystem Echo Comment System should trigger gentle comments based on awareness level","status":"passed","title":"should trigger gentle comments based on awareness level","duration":1,"failureMessages":[]},{"ancestorTitles":["","EchoMemorySystem","Echo Comment System"],"fullName":" EchoMemorySystem Echo Comment System should trigger despair comments based on awareness level","status":"passed","title":"should trigger despair comments based on awareness level","duration":0,"failureMessages":[]},{"ancestorTitles":["","EchoMemorySystem","Echo Comment System"],"fullName":" EchoMemorySystem Echo Comment System should select context-specific comments","status":"passed","title":"should select context-specific comments","duration":0,"failureMessages":[]},{"ancestorTitles":["","EchoMemorySystem","Echo Comment System"],"fullName":" EchoMemorySystem Echo Comment System should not trigger comments for dormant echoes (awareness level 0)","status":"passed","title":"should not trigger comments for dormant echoes (awareness level 0)","duration":1,"failureMessages":[]},{"ancestorTitles":["","EchoMemorySystem","Achievement Integration"],"fullName":" EchoMemorySystem Achievement Integration should unlock \"Remembered\" achievement when all echoes reach level 2+","status":"passed","title":"should unlock \"Remembered\" achievement when all echoes reach level 2+","duration":1,"failureMessages":[]},{"ancestorTitles":["","EchoMemorySystem","Achievement Integration"],"fullName":" EchoMemorySystem Achievement Integration should not re-trigger achievement if already unlocked","status":"passed","title":"should not re-trigger achievement if already unlocked","duration":0,"failureMessages":[]},{"ancestorTitles":["","EchoMemorySystem","Awareness Level Progression"],"fullName":" EchoMemorySystem Awareness Level Progression should increase hope awareness with persistence (20+ loops)","status":"passed","title":"should increase hope awareness with persistence (20+ loops)","duration":1,"failureMessages":[]},{"ancestorTitles":["","EchoMemorySystem","Awareness Level Progression"],"fullName":" EchoMemorySystem Awareness Level Progression should increase gentle awareness with hesitation patterns","status":"passed","title":"should increase gentle awareness with hesitation patterns","duration":0,"failureMessages":[]},{"ancestorTitles":["","EchoMemorySystem","Awareness Level Progression"],"fullName":" EchoMemorySystem Awareness Level Progression should increase despair awareness with repeated failures","status":"passed","title":"should increase despair awareness with repeated failures","duration":0,"failureMessages":[]},{"ancestorTitles":["","EchoMemorySystem","Memory Reset"],"fullName":" EchoMemorySystem Memory Reset should reset memory to default state","status":"passed","title":"should reset memory to default state","duration":1,"failureMessages":[]},{"ancestorTitles":["","EchoMemorySystem","Memory Reset"],"fullName":" EchoMemorySystem Memory Reset should clear localStorage on reset","status":"passed","title":"should clear localStorage on reset","duration":0,"failureMessages":[]}],"startTime":1768776477832,"endTime":1768776477853,"status":"passed","message":"","name":"C:/Users/silve/Downloads/GitHub/VN-Project/tests/echo-memory-system.test.js"},{"assertionResults":[{"ancestorTitles":["","GameEngine Backward-Compatible Getters","loopVersion getter/setter"],"fullName":" GameEngine Backward-Compatible Getters loopVersion getter/setter should return initial version from StateManager","status":"passed","title":"should return initial version from StateManager","duration":2,"failureMessages":[]},{"ancestorTitles":["","GameEngine Backward-Compatible Getters","loopVersion getter/setter"],"fullName":" GameEngine Backward-Compatible Getters loopVersion getter/setter should update StateManager when setting version","status":"passed","title":"should update StateManager when setting version","duration":1,"failureMessages":[]},{"ancestorTitles":["","GameEngine Backward-Compatible Getters","loopVersion getter/setter"],"fullName":" GameEngine Backward-Compatible Getters loopVersion getter/setter should sync to localStorage when setting","status":"passed","title":"should sync to localStorage when setting","duration":1,"failureMessages":[]},{"ancestorTitles":["","GameEngine Backward-Compatible Getters","loopVersion getter/setter"],"fullName":" GameEngine Backward-Compatible Getters loopVersion getter/setter should load from localStorage on init","status":"passed","title":"should load from localStorage on init","duration":1,"failureMessages":[]},{"ancestorTitles":["","GameEngine Backward-Compatible Getters","loopStatus getter/setter"],"fullName":" GameEngine Backward-Compatible Getters loopStatus getter/setter should return initial status","status":"passed","title":"should return initial status","duration":0,"failureMessages":[]},{"ancestorTitles":["","GameEngine Backward-Compatible Getters","loopStatus getter/setter"],"fullName":" GameEngine Backward-Compatible Getters loopStatus getter/setter should update StateManager when setting status","status":"passed","title":"should update StateManager when setting status","duration":1,"failureMessages":[]},{"ancestorTitles":["","GameEngine Backward-Compatible Getters","loopStatus getter/setter"],"fullName":" GameEngine Backward-Compatible Getters loopStatus getter/setter should sync to localStorage","status":"passed","title":"should sync to localStorage","duration":0,"failureMessages":[]},{"ancestorTitles":["","GameEngine Backward-Compatible Getters","skipUnlocked getter/setter"],"fullName":" GameEngine Backward-Compatible Getters skipUnlocked getter/setter should return false by default","status":"passed","title":"should return false by default","duration":1,"failureMessages":[]},{"ancestorTitles":["","GameEngine Backward-Compatible Getters","skipUnlocked getter/setter"],"fullName":" GameEngine Backward-Compatible Getters skipUnlocked getter/setter should update StateManager when unlocking","status":"passed","title":"should update StateManager when unlocking","duration":0,"failureMessages":[]},{"ancestorTitles":["","GameEngine Backward-Compatible Getters","skipUnlocked getter/setter"],"fullName":" GameEngine Backward-Compatible Getters skipUnlocked getter/setter should sync to localStorage","status":"passed","title":"should sync to localStorage","duration":1,"failureMessages":[]},{"ancestorTitles":["","GameEngine Backward-Compatible Getters","Game methods using getters"],"fullName":" GameEngine Backward-Compatible Getters Game methods using getters incrementVersion() should update via getter","status":"passed","title":"incrementVersion() should update via getter","duration":0,"failureMessages":[]},{"ancestorTitles":["","GameEngine Backward-Compatible Getters","Game methods using getters"],"fullName":" GameEngine Backward-Compatible Getters Game methods using getters breakLoop() should set success status","status":"passed","title":"breakLoop() should set success status","duration":0,"failureMessages":[]},{"ancestorTitles":["","GameEngine Backward-Compatible Getters","Game methods using getters"],"fullName":" GameEngine Backward-Compatible Getters Game methods using getters unlockSkipFeature() should unlock skip","status":"passed","title":"unlockSkipFeature() should unlock skip","duration":0,"failureMessages":[]},{"ancestorTitles":["","GameEngine Backward-Compatible Getters","Game methods using getters"],"fullName":" GameEngine Backward-Compatible Getters Game methods using getters multiple version increments should work correctly","status":"passed","title":"multiple version increments should work correctly","duration":1,"failureMessages":[]},{"ancestorTitles":["","GameEngine Backward-Compatible Getters","State Consistency"],"fullName":" GameEngine Backward-Compatible Getters State Consistency getter and StateManager should always be in sync","status":"passed","title":"getter and StateManager should always be in sync","duration":0,"failureMessages":[]},{"ancestorTitles":["","GameEngine Backward-Compatible Getters","State Consistency"],"fullName":" GameEngine Backward-Compatible Getters State Consistency localStorage and StateManager should be in sync","status":"passed","title":"localStorage and StateManager should be in sync","duration":0,"failureMessages":[]},{"ancestorTitles":["","Route Compatibility (Simulated)"],"fullName":" Route Compatibility (Simulated) routes can read game.loopVersion","status":"passed","title":"routes can read game.loopVersion","duration":0,"failureMessages":[]},{"ancestorTitles":["","Route Compatibility (Simulated)"],"fullName":" Route Compatibility (Simulated) routes can write game.loopVersion","status":"passed","title":"routes can write game.loopVersion","duration":0,"failureMessages":[]},{"ancestorTitles":["","Route Compatibility (Simulated)"],"fullName":" Route Compatibility (Simulated) routes can check game.skipUnlocked","status":"passed","title":"routes can check game.skipUnlocked","duration":0,"failureMessages":[]},{"ancestorTitles":["","GameEngine UI State"],"fullName":" GameEngine UI State should track UI hidden state","status":"passed","title":"should track UI hidden state","duration":0,"failureMessages":[]},{"ancestorTitles":["","GameEngine UI State"],"fullName":" GameEngine UI State should toggle UI hidden state","status":"passed","title":"should toggle UI hidden state","duration":1,"failureMessages":[]},{"ancestorTitles":["","StateManager Subscription Behavior"],"fullName":" StateManager Subscription Behavior should support subscribing to nested paths","status":"passed","title":"should support subscribing to nested paths","duration":0,"failureMessages":[]},{"ancestorTitles":["","StateManager Subscription Behavior"],"fullName":" StateManager Subscription Behavior should allow multiple subscriptions","status":"passed","title":"should allow multiple subscriptions","duration":0,"failureMessages":[]},{"ancestorTitles":["","StateManager Subscription Behavior"],"fullName":" StateManager Subscription Behavior should return unsubscribe function","status":"passed","title":"should return unsubscribe function","duration":1,"failureMessages":[]}],"startTime":1768776477995,"endTime":1768776478007,"status":"passed","message":"","name":"C:/Users/silve/Downloads/GitHub/VN-Project/tests/game-engine.test.js"},{"assertionResults":[{"ancestorTitles":["","GrabHandleRepositioner","Initialization"],"fullName":" GrabHandleRepositioner Initialization should initialize with default position","status":"passed","title":"should initialize with default position","duration":5,"failureMessages":[]},{"ancestorTitles":["","GrabHandleRepositioner","Initialization"],"fullName":" GrabHandleRepositioner Initialization should load saved position from localStorage","status":"passed","title":"should load saved position from localStorage","duration":1,"failureMessages":[]},{"ancestorTitles":["","GrabHandleRepositioner","Initialization"],"fullName":" GrabHandleRepositioner Initialization should handle invalid localStorage data gracefully","status":"passed","title":"should handle invalid localStorage data gracefully","duration":17,"failureMessages":[]},{"ancestorTitles":["","GrabHandleRepositioner","Position Constraints"],"fullName":" GrabHandleRepositioner Position Constraints should enforce minimum position (clamped to safe zone)","status":"passed","title":"should enforce minimum position (clamped to safe zone)","duration":1,"failureMessages":[]},{"ancestorTitles":["","GrabHandleRepositioner","Position Constraints"],"fullName":" GrabHandleRepositioner Position Constraints should enforce maximum position (clamped to safe zone)","status":"passed","title":"should enforce maximum position (clamped to safe zone)","duration":1,"failureMessages":[]},{"ancestorTitles":["","GrabHandleRepositioner","Side Flipping"],"fullName":" GrabHandleRepositioner Side Flipping should flip from left to right","status":"passed","title":"should flip from left to right","duration":1,"failureMessages":[]},{"ancestorTitles":["","GrabHandleRepositioner","Side Flipping"],"fullName":" GrabHandleRepositioner Side Flipping should flip from right to left","status":"passed","title":"should flip from right to left","duration":1,"failureMessages":[]},{"ancestorTitles":["","GrabHandleRepositioner","Side Flipping"],"fullName":" GrabHandleRepositioner Side Flipping should update handle styling when on right side","status":"passed","title":"should update handle styling when on right side","duration":0,"failureMessages":[]},{"ancestorTitles":["","GrabHandleRepositioner","Side Flipping"],"fullName":" GrabHandleRepositioner Side Flipping should update handle styling when on left side","status":"passed","title":"should update handle styling when on left side","duration":1,"failureMessages":[]},{"ancestorTitles":["","GrabHandleRepositioner","Side Flipping"],"fullName":" GrabHandleRepositioner Side Flipping should update sidebar transform when on right side","status":"passed","title":"should update sidebar transform when on right side","duration":1,"failureMessages":[]},{"ancestorTitles":["","GrabHandleRepositioner","Side Flipping"],"fullName":" GrabHandleRepositioner Side Flipping should add right-side class to sidebar","status":"passed","title":"should add right-side class to sidebar","duration":3,"failureMessages":[]},{"ancestorTitles":["","GrabHandleRepositioner","Side Flipping"],"fullName":" GrabHandleRepositioner Side Flipping should remove right-side class when on left","status":"passed","title":"should remove right-side class when on left","duration":0,"failureMessages":[]},{"ancestorTitles":["","GrabHandleRepositioner","Persistence"],"fullName":" GrabHandleRepositioner Persistence should save position to localStorage","status":"passed","title":"should save position to localStorage","duration":5,"failureMessages":[]},{"ancestorTitles":["","GrabHandleRepositioner","Persistence"],"fullName":" GrabHandleRepositioner Persistence should persist position after flipping sides","status":"passed","title":"should persist position after flipping sides","duration":0,"failureMessages":[]},{"ancestorTitles":["","GrabHandleRepositioner","Double-Tap Detection"],"fullName":" GrabHandleRepositioner Double-Tap Detection should detect double-tap within 300ms","status":"passed","title":"should detect double-tap within 300ms","duration":1,"failureMessages":[]},{"ancestorTitles":["","GrabHandleRepositioner","Double-Tap Detection"],"fullName":" GrabHandleRepositioner Double-Tap Detection should not detect double-tap after 300ms","status":"passed","title":"should not detect double-tap after 300ms","duration":0,"failureMessages":[]},{"ancestorTitles":["","GrabHandleRepositioner","Haptic Feedback"],"fullName":" GrabHandleRepositioner Haptic Feedback should trigger light haptic","status":"passed","title":"should trigger light haptic","duration":1,"failureMessages":[]},{"ancestorTitles":["","GrabHandleRepositioner","Haptic Feedback"],"fullName":" GrabHandleRepositioner Haptic Feedback should trigger medium haptic","status":"passed","title":"should trigger medium haptic","duration":1,"failureMessages":[]},{"ancestorTitles":["","GrabHandleRepositioner","Haptic Feedback"],"fullName":" GrabHandleRepositioner Haptic Feedback should trigger heavy haptic (double-pulse)","status":"passed","title":"should trigger heavy haptic (double-pulse)","duration":0,"failureMessages":[]},{"ancestorTitles":["","GrabHandleRepositioner","Haptic Feedback"],"fullName":" GrabHandleRepositioner Haptic Feedback should handle missing vibration API gracefully","status":"passed","title":"should handle missing vibration API gracefully","duration":2,"failureMessages":[]},{"ancestorTitles":["","GrabHandleRepositioner","Reset to Default"],"fullName":" GrabHandleRepositioner Reset to Default should reset position to center","status":"passed","title":"should reset position to center","duration":0,"failureMessages":[]},{"ancestorTitles":["","GrabHandleRepositioner","Reset to Default"],"fullName":" GrabHandleRepositioner Reset to Default should reset side to left","status":"passed","title":"should reset side to left","duration":1,"failureMessages":[]},{"ancestorTitles":["","GrabHandleRepositioner","Reset to Default"],"fullName":" GrabHandleRepositioner Reset to Default should save default position to localStorage","status":"passed","title":"should save default position to localStorage","duration":0,"failureMessages":[]},{"ancestorTitles":["","GrabHandleRepositioner","Public API"],"fullName":" GrabHandleRepositioner Public API should return current side via getSide()","status":"passed","title":"should return current side via getSide()","duration":0,"failureMessages":[]},{"ancestorTitles":["","GrabHandleRepositioner","Edge Cases"],"fullName":" GrabHandleRepositioner Edge Cases should handle missing grab handle element","status":"passed","title":"should handle missing grab handle element","duration":0,"failureMessages":[]},{"ancestorTitles":["","GrabHandleRepositioner","Edge Cases"],"fullName":" GrabHandleRepositioner Edge Cases should handle missing sidebar element gracefully","status":"passed","title":"should handle missing sidebar element gracefully","duration":1,"failureMessages":[]},{"ancestorTitles":["","GrabHandleRepositioner","Drag Direction Detection"],"fullName":" GrabHandleRepositioner Drag Direction Detection should prioritize horizontal drag when deltaX > deltaY","status":"passed","title":"should prioritize horizontal drag when deltaX > deltaY","duration":2,"failureMessages":[]},{"ancestorTitles":["","GrabHandleRepositioner","Drag Direction Detection"],"fullName":" GrabHandleRepositioner Drag Direction Detection should prioritize vertical drag when deltaY > deltaX","status":"passed","title":"should prioritize vertical drag when deltaY > deltaX","duration":0,"failureMessages":[]},{"ancestorTitles":["","GrabHandleRepositioner","Horizontal Flip Threshold"],"fullName":" GrabHandleRepositioner Horizontal Flip Threshold should require 50% of screen width to flip","status":"passed","title":"should require 50% of screen width to flip","duration":1,"failureMessages":[]},{"ancestorTitles":["","GrabHandleRepositioner","Horizontal Flip Threshold"],"fullName":" GrabHandleRepositioner Horizontal Flip Threshold should detect crossing threshold","status":"passed","title":"should detect crossing threshold","duration":0,"failureMessages":[]},{"ancestorTitles":["","GrabHandleRepositioner","Horizontal Flip Threshold"],"fullName":" GrabHandleRepositioner Horizontal Flip Threshold should not flip below threshold","status":"passed","title":"should not flip below threshold","duration":0,"failureMessages":[]}],"startTime":1768776477839,"endTime":1768776477891,"status":"passed","message":"","name":"C:/Users/silve/Downloads/GitHub/VN-Project/tests/grab-handle-repositioner.test.js"},{"assertionResults":[{"ancestorTitles":["","KeyboardController","constructor"],"fullName":" KeyboardController constructor should initialize with game reference","status":"passed","title":"should initialize with game reference","duration":4,"failureMessages":[]},{"ancestorTitles":["","KeyboardController","constructor"],"fullName":" KeyboardController constructor should initialize keyboardNav state","status":"passed","title":"should initialize keyboardNav state","duration":2,"failureMessages":[]},{"ancestorTitles":["","KeyboardController","lazy getters"],"fullName":" KeyboardController lazy getters saveManager should return game.saveManager","status":"passed","title":"saveManager should return game.saveManager","duration":1,"failureMessages":[]},{"ancestorTitles":["","KeyboardController","lazy getters"],"fullName":" KeyboardController lazy getters backlogManager should return game.backlogManager","status":"passed","title":"backlogManager should return game.backlogManager","duration":0,"failureMessages":[]},{"ancestorTitles":["","KeyboardController","lazy getters"],"fullName":" KeyboardController lazy getters settingsManager should return game.settingsManager","status":"passed","title":"settingsManager should return game.settingsManager","duration":1,"failureMessages":[]},{"ancestorTitles":["","KeyboardController","lazy getters"],"fullName":" KeyboardController lazy getters choiceMenu should return game.choiceMenu","status":"passed","title":"choiceMenu should return game.choiceMenu","duration":0,"failureMessages":[]},{"ancestorTitles":["","KeyboardController","lazy getters"],"fullName":" KeyboardController lazy getters currentRoute should return game.currentRoute","status":"passed","title":"currentRoute should return game.currentRoute","duration":1,"failureMessages":[]},{"ancestorTitles":["","KeyboardController","initialize"],"fullName":" KeyboardController initialize should add keydown event listener","status":"passed","title":"should add keydown event listener","duration":4,"failureMessages":[]},{"ancestorTitles":["","KeyboardController","handleGlobalKeyboard"],"fullName":" KeyboardController handleGlobalKeyboard should skip input fields","status":"passed","title":"should skip input fields","duration":1,"failureMessages":[]},{"ancestorTitles":["","KeyboardController","handleGlobalKeyboard"],"fullName":" KeyboardController handleGlobalKeyboard should skip textarea fields","status":"passed","title":"should skip textarea fields","duration":1,"failureMessages":[]},{"ancestorTitles":["","KeyboardController","handleGlobalKeyboard"],"fullName":" KeyboardController handleGlobalKeyboard should process non-input elements","status":"passed","title":"should process non-input elements","duration":1,"failureMessages":[]},{"ancestorTitles":["","KeyboardController","navigateButtons"],"fullName":" KeyboardController navigateButtons should return -1 for empty button list","status":"passed","title":"should return -1 for empty button list","duration":2,"failureMessages":[]},{"ancestorTitles":["","KeyboardController","navigateButtons"],"fullName":" KeyboardController navigateButtons should return -1 for null button list","status":"passed","title":"should return -1 for null button list","duration":1,"failureMessages":[]},{"ancestorTitles":["","KeyboardController","navigateButtons"],"fullName":" KeyboardController navigateButtons should navigate down with ArrowDown","status":"passed","title":"should navigate down with ArrowDown","duration":4,"failureMessages":[]},{"ancestorTitles":["","KeyboardController","navigateButtons"],"fullName":" KeyboardController navigateButtons should navigate up with ArrowUp","status":"passed","title":"should navigate up with ArrowUp","duration":2,"failureMessages":[]},{"ancestorTitles":["","KeyboardController","navigateButtons"],"fullName":" KeyboardController navigateButtons should wrap around at end","status":"passed","title":"should wrap around at end","duration":1,"failureMessages":[]},{"ancestorTitles":["","KeyboardController","navigateButtons"],"fullName":" KeyboardController navigateButtons should wrap around at beginning","status":"passed","title":"should wrap around at beginning","duration":1,"failureMessages":[]},{"ancestorTitles":["","KeyboardController","navigateButtons"],"fullName":" KeyboardController navigateButtons should call focus on new button","status":"passed","title":"should call focus on new button","duration":1,"failureMessages":[]},{"ancestorTitles":["","KeyboardController","navigateButtons"],"fullName":" KeyboardController navigateButtons should add keyboard-focus class to new button","status":"passed","title":"should add keyboard-focus class to new button","duration":2,"failureMessages":[]},{"ancestorTitles":["","KeyboardController","navigateButtons"],"fullName":" KeyboardController navigateButtons should remove keyboard-focus class from old buttons","status":"passed","title":"should remove keyboard-focus class from old buttons","duration":1,"failureMessages":[]},{"ancestorTitles":["","KeyboardController","navigateButtons"],"fullName":" KeyboardController navigateButtons should handle ArrowRight same as ArrowDown","status":"passed","title":"should handle ArrowRight same as ArrowDown","duration":1,"failureMessages":[]},{"ancestorTitles":["","KeyboardController","navigateButtons"],"fullName":" KeyboardController navigateButtons should handle ArrowLeft same as ArrowUp","status":"passed","title":"should handle ArrowLeft same as ArrowUp","duration":2,"failureMessages":[]},{"ancestorTitles":["","KeyboardController","showNotification"],"fullName":" KeyboardController showNotification should create notification element if not exists","status":"passed","title":"should create notification element if not exists","duration":3,"failureMessages":[]},{"ancestorTitles":["","KeyboardController","showNotification"],"fullName":" KeyboardController showNotification should add visible class to notification","status":"passed","title":"should add visible class to notification","duration":3,"failureMessages":[]},{"ancestorTitles":["","KeyboardController","showNotification"],"fullName":" KeyboardController showNotification should set notification text content","status":"passed","title":"should set notification text content","duration":2,"failureMessages":[]},{"ancestorTitles":["","KeyboardController","showNotification"],"fullName":" KeyboardController showNotification should return the notification element","status":"passed","title":"should return the notification element","duration":4,"failureMessages":[]}],"startTime":1768776477770,"endTime":1768776477818,"status":"passed","message":"","name":"C:/Users/silve/Downloads/GitHub/VN-Project/tests/keyboard-controller.test.js"},{"assertionResults":[{"ancestorTitles":[""],"fullName":" minimal test","status":"passed","title":"minimal test","duration":1,"failureMessages":[]}],"startTime":1768776482582,"endTime":1768776482583,"status":"passed","message":"","name":"C:/Users/silve/Downloads/GitHub/VN-Project/tests/minimal.test.js"},{"assertionResults":[{"ancestorTitles":["","NotificationShadeController","Status bar updates"],"fullName":" NotificationShadeController Status bar updates should update route name","status":"passed","title":"should update route name","duration":44,"failureMessages":[]},{"ancestorTitles":["","NotificationShadeController","Status bar updates"],"fullName":" NotificationShadeController Status bar updates should update notes progress","status":"passed","title":"should update notes progress","duration":8,"failureMessages":[]},{"ancestorTitles":["","NotificationShadeController","Status bar updates"],"fullName":" NotificationShadeController Status bar updates should update tether level for Tori route","status":"passed","title":"should update tether level for Tori route","duration":4,"failureMessages":[]},{"ancestorTitles":["","NotificationShadeController","Status bar updates"],"fullName":" NotificationShadeController Status bar updates should hide tether for non-Tori routes","status":"passed","title":"should hide tether for non-Tori routes","duration":4,"failureMessages":[]},{"ancestorTitles":["","NotificationShadeController","Confirmation dialogs"],"fullName":" NotificationShadeController Confirmation dialogs should create confirmation overlay","status":"passed","title":"should create confirmation overlay","duration":14,"failureMessages":[]},{"ancestorTitles":["","NotificationShadeController","Confirmation dialogs"],"fullName":" NotificationShadeController Confirmation dialogs should display title and message","status":"passed","title":"should display title and message","duration":17,"failureMessages":[]},{"ancestorTitles":["","NotificationShadeController","Confirmation dialogs"],"fullName":" NotificationShadeController Confirmation dialogs should call onConfirm when confirm button clicked","status":"passed","title":"should call onConfirm when confirm button clicked","duration":7,"failureMessages":[]},{"ancestorTitles":["","NotificationShadeController","Confirmation dialogs"],"fullName":" NotificationShadeController Confirmation dialogs should call onCancel when cancel button clicked","status":"passed","title":"should call onCancel when cancel button clicked","duration":5,"failureMessages":[]},{"ancestorTitles":["","NotificationShadeController","Confirmation dialogs"],"fullName":" NotificationShadeController Confirmation dialogs should remove overlay after confirm","status":"passed","title":"should remove overlay after confirm","duration":14,"failureMessages":[]},{"ancestorTitles":["","NotificationShadeController","Note collection"],"fullName":" NotificationShadeController Note collection should add note to unread list","status":"passed","title":"should add note to unread list","duration":3,"failureMessages":[]},{"ancestorTitles":["","NotificationShadeController","Note collection"],"fullName":" NotificationShadeController Note collection should set timestamp on note","status":"passed","title":"should set timestamp on note","duration":2,"failureMessages":[]}],"startTime":1768776479813,"endTime":1768776479935,"status":"passed","message":"","name":"C:/Users/silve/Downloads/GitHub/VN-Project/tests/notification-shade-controller.test.js"},{"assertionResults":[{"ancestorTitles":["","Sanity Check"],"fullName":" Sanity Check should pass basic arithmetic","status":"passed","title":"should pass basic arithmetic","duration":1,"failureMessages":[]},{"ancestorTitles":["","Sanity Check"],"fullName":" Sanity Check should handle string concatenation","status":"passed","title":"should handle string concatenation","duration":0,"failureMessages":[]},{"ancestorTitles":["","Sanity Check"],"fullName":" Sanity Check should verify arrays","status":"passed","title":"should verify arrays","duration":1,"failureMessages":[]}],"startTime":1768776482543,"endTime":1768776482545,"status":"passed","message":"","name":"C:/Users/silve/Downloads/GitHub/VN-Project/tests/sanity.test.js"},{"assertionResults":[{"ancestorTitles":["","SaveManager","Save Slot Management"],"fullName":" SaveManager Save Slot Management should save to manual slot (1-3)","status":"passed","title":"should save to manual slot (1-3)","duration":4,"failureMessages":[]},{"ancestorTitles":["","SaveManager","Save Slot Management"],"fullName":" SaveManager Save Slot Management should save to auto-save slot","status":"passed","title":"should save to auto-save slot","duration":1,"failureMessages":[]},{"ancestorTitles":["","SaveManager","Save Slot Management"],"fullName":" SaveManager Save Slot Management should return save slot info with metadata","status":"passed","title":"should return save slot info with metadata","duration":23,"failureMessages":[]},{"ancestorTitles":["","SaveManager","Save Slot Management"],"fullName":" SaveManager Save Slot Management should detect empty slots","status":"passed","title":"should detect empty slots","duration":1,"failureMessages":[]},{"ancestorTitles":["","SaveManager","Save Slot Management"],"fullName":" SaveManager Save Slot Management should delete save slots","status":"passed","title":"should delete save slots","duration":1,"failureMessages":[]},{"ancestorTitles":["","SaveManager","Save Data Creation"],"fullName":" SaveManager Save Data Creation should create save data with all required fields","status":"passed","title":"should create save data with all required fields","duration":0,"failureMessages":[]},{"ancestorTitles":["","SaveManager","Save Data Creation"],"fullName":" SaveManager Save Data Creation should include route-specific data","status":"passed","title":"should include route-specific data","duration":0,"failureMessages":[]},{"ancestorTitles":["","SaveManager","Save Data Creation"],"fullName":" SaveManager Save Data Creation should return null when no active route","status":"passed","title":"should return null when no active route","duration":1,"failureMessages":[]},{"ancestorTitles":["","SaveManager","Load and Validation"],"fullName":" SaveManager Load and Validation should load save data from slot","status":"passed","title":"should load save data from slot","duration":0,"failureMessages":[]},{"ancestorTitles":["","SaveManager","Load and Validation"],"fullName":" SaveManager Load and Validation should validate save data (version >= 848)","status":"passed","title":"should validate save data (version >= 848)","duration":1,"failureMessages":[]},{"ancestorTitles":["","SaveManager","Load and Validation"],"fullName":" SaveManager Load and Validation should reject invalid save data","status":"passed","title":"should reject invalid save data","duration":0,"failureMessages":[]},{"ancestorTitles":["","SaveManager","Load and Validation"],"fullName":" SaveManager Load and Validation should handle corrupted JSON gracefully","status":"passed","title":"should handle corrupted JSON gracefully","duration":11,"failureMessages":[]},{"ancestorTitles":["","SaveManager","State Restoration"],"fullName":" SaveManager State Restoration should restore game state (flags, choices, progress)","status":"passed","title":"should restore game state (flags, choices, progress)","duration":3,"failureMessages":[]},{"ancestorTitles":["","SaveManager","State Restoration"],"fullName":" SaveManager State Restoration should restore route-specific state (tether level, points)","status":"passed","title":"should restore route-specific state (tether level, points)","duration":2,"failureMessages":[]},{"ancestorTitles":["","SaveManager","State Restoration"],"fullName":" SaveManager State Restoration should jump to saved scene correctly","status":"passed","title":"should jump to saved scene correctly","duration":0,"failureMessages":[]},{"ancestorTitles":["","SaveManager","Note Discovery Persistence"],"fullName":" SaveManager Note Discovery Persistence should save note discovery data with save","status":"passed","title":"should save note discovery data with save","duration":1,"failureMessages":[]},{"ancestorTitles":["","SaveManager","Note Discovery Persistence"],"fullName":" SaveManager Note Discovery Persistence should restore note discovery on load","status":"passed","title":"should restore note discovery on load","duration":1,"failureMessages":[]},{"ancestorTitles":["","SaveManager","Save Blocking (Despair)"],"fullName":" SaveManager Save Blocking (Despair) should block saves when Despair sabotages","status":"passed","title":"should block saves when Despair sabotages","duration":9,"failureMessages":[]},{"ancestorTitles":["","SaveManager","Save Blocking (Despair)"],"fullName":" SaveManager Save Blocking (Despair) should unblock saves","status":"passed","title":"should unblock saves","duration":1,"failureMessages":[]},{"ancestorTitles":["","SaveManager","Utility Methods"],"fullName":" SaveManager Utility Methods should detect if any saves exist","status":"passed","title":"should detect if any saves exist","duration":0,"failureMessages":[]},{"ancestorTitles":["","SaveManager","Utility Methods"],"fullName":" SaveManager Utility Methods should get most recent save","status":"passed","title":"should get most recent save","duration":1,"failureMessages":[]},{"ancestorTitles":["","SaveManager","Utility Methods"],"fullName":" SaveManager Utility Methods should format save slot display text","status":"passed","title":"should format save slot display text","duration":1,"failureMessages":[]},{"ancestorTitles":["","SaveManager","Echo Memory Integration"],"fullName":" SaveManager Echo Memory Integration should record save in echo memory","status":"passed","title":"should record save in echo memory","duration":0,"failureMessages":[]},{"ancestorTitles":["","SaveManager","Echo Memory Integration"],"fullName":" SaveManager Echo Memory Integration should record load in echo memory","status":"passed","title":"should record load in echo memory","duration":1,"failureMessages":[]}],"startTime":1768776476429,"endTime":1768776476494,"status":"passed","message":"","name":"C:/Users/silve/Downloads/GitHub/VN-Project/tests/save-manager.test.js"},{"assertionResults":[{"ancestorTitles":["","SceneProgressionController (REAL IMPORTS)","Initialization"],"fullName":" SceneProgressionController (REAL IMPORTS) Initialization should initialize with game reference","status":"passed","title":"should initialize with game reference","duration":3,"failureMessages":[]},{"ancestorTitles":["","SceneProgressionController (REAL IMPORTS)","Initialization"],"fullName":" SceneProgressionController (REAL IMPORTS) Initialization should be defined","status":"passed","title":"should be defined","duration":1,"failureMessages":[]},{"ancestorTitles":["","SceneProgressionController (REAL IMPORTS)","Version Tracking (848 Loop Counter)"],"fullName":" SceneProgressionController (REAL IMPORTS) Version Tracking (848 Loop Counter) should increment version when called","status":"passed","title":"should increment version when called","duration":2,"failureMessages":[]},{"ancestorTitles":["","SceneProgressionController (REAL IMPORTS)","Version Tracking (848 Loop Counter)"],"fullName":" SceneProgressionController (REAL IMPORTS) Version Tracking (848 Loop Counter) should update title screen","status":"passed","title":"should update title screen","duration":1,"failureMessages":[]},{"ancestorTitles":["","SceneProgressionController (REAL IMPORTS)","Version Tracking (848 Loop Counter)"],"fullName":" SceneProgressionController (REAL IMPORTS) Version Tracking (848 Loop Counter) should reset version to target","status":"passed","title":"should reset version to target","duration":2,"failureMessages":[]},{"ancestorTitles":["","SceneProgressionController (REAL IMPORTS)","Version Tracking (848 Loop Counter)"],"fullName":" SceneProgressionController (REAL IMPORTS) Version Tracking (848 Loop Counter) should save version to localStorage on reset","status":"passed","title":"should save version to localStorage on reset","duration":1,"failureMessages":[]},{"ancestorTitles":["","SceneProgressionController (REAL IMPORTS)","Sprite Management"],"fullName":" SceneProgressionController (REAL IMPORTS) Sprite Management should clear all sprites","status":"passed","title":"should clear all sprites","duration":0,"failureMessages":[]},{"ancestorTitles":["","SceneProgressionController (REAL IMPORTS)","Sprite Management"],"fullName":" SceneProgressionController (REAL IMPORTS) Sprite Management should clear sprite state tracking","status":"passed","title":"should clear sprite state tracking","duration":1,"failureMessages":[]},{"ancestorTitles":["","SceneProgressionController (REAL IMPORTS)","Controller Delegation"],"fullName":" SceneProgressionController (REAL IMPORTS) Controller Delegation should delegate code rain transition to EffectsController","status":"passed","title":"should delegate code rain transition to EffectsController","duration":2,"failureMessages":[]},{"ancestorTitles":["","SceneProgressionController (REAL IMPORTS)","Controller Delegation"],"fullName":" SceneProgressionController (REAL IMPORTS) Controller Delegation should delegate tip rotation stop to TipsController","status":"passed","title":"should delegate tip rotation stop to TipsController","duration":1,"failureMessages":[]},{"ancestorTitles":["","SceneProgressionController (REAL IMPORTS)","Controller Delegation"],"fullName":" SceneProgressionController (REAL IMPORTS) Controller Delegation should delegate route select tip stop to TipsController","status":"passed","title":"should delegate route select tip stop to TipsController","duration":1,"failureMessages":[]},{"ancestorTitles":["","SceneProgressionController (REAL IMPORTS)","Controller Delegation"],"fullName":" SceneProgressionController (REAL IMPORTS) Controller Delegation should delegate ESC hint to UIController","status":"passed","title":"should delegate ESC hint to UIController","duration":0,"failureMessages":[]},{"ancestorTitles":["","SceneProgressionController (REAL IMPORTS)","Controller Delegation"],"fullName":" SceneProgressionController (REAL IMPORTS) Controller Delegation should delegate skip to route selection to RouteController","status":"passed","title":"should delegate skip to route selection to RouteController","duration":1,"failureMessages":[]},{"ancestorTitles":["","SceneProgressionController (REAL IMPORTS)","Controller Delegation"],"fullName":" SceneProgressionController (REAL IMPORTS) Controller Delegation should delegate skip prologue prompt to RouteController","status":"passed","title":"should delegate skip prologue prompt to RouteController","duration":1,"failureMessages":[]},{"ancestorTitles":["","SceneProgressionController (REAL IMPORTS)","UI Theming"],"fullName":" SceneProgressionController (REAL IMPORTS) UI Theming should apply Ronnie route theme to UI elements","status":"passed","title":"should apply Ronnie route theme to UI elements","duration":1,"failureMessages":[]},{"ancestorTitles":["","SceneProgressionController (REAL IMPORTS)","UI Theming"],"fullName":" SceneProgressionController (REAL IMPORTS) UI Theming should apply Tori route theme to UI elements","status":"passed","title":"should apply Tori route theme to UI elements","duration":1,"failureMessages":[]},{"ancestorTitles":["","SceneProgressionController (REAL IMPORTS)","UI Theming"],"fullName":" SceneProgressionController (REAL IMPORTS) UI Theming should remove old route classes before applying new ones","status":"passed","title":"should remove old route classes before applying new ones","duration":1,"failureMessages":[]},{"ancestorTitles":["","SceneProgressionController (REAL IMPORTS)","Helper Methods"],"fullName":" SceneProgressionController (REAL IMPORTS) Helper Methods should check if any ending completed from localStorage","status":"passed","title":"should check if any ending completed from localStorage","duration":1,"failureMessages":[]},{"ancestorTitles":["","SceneProgressionController (REAL IMPORTS)","Helper Methods"],"fullName":" SceneProgressionController (REAL IMPORTS) Helper Methods should return false if no ending completed","status":"passed","title":"should return false if no ending completed","duration":0,"failureMessages":[]},{"ancestorTitles":["","SceneProgressionController (REAL IMPORTS)","Helper Methods"],"fullName":" SceneProgressionController (REAL IMPORTS) Helper Methods should hide Hold On button in Insane Mode","status":"passed","title":"should hide Hold On button in Insane Mode","duration":1,"failureMessages":[]},{"ancestorTitles":["","SceneProgressionController (REAL IMPORTS)","Ronnie Notes System"],"fullName":" SceneProgressionController (REAL IMPORTS) Ronnie Notes System should unlock Ronnie notes system","status":"passed","title":"should unlock Ronnie notes system","duration":1,"failureMessages":[]},{"ancestorTitles":["","SceneProgressionController (REAL IMPORTS)","Ronnie Notes System"],"fullName":" SceneProgressionController (REAL IMPORTS) Ronnie Notes System should unlock ronnie_teaser note in localStorage","status":"passed","title":"should unlock ronnie_teaser note in localStorage","duration":1,"failureMessages":[]},{"ancestorTitles":["","SceneProgressionController (REAL IMPORTS)","Route Selection"],"fullName":" SceneProgressionController (REAL IMPORTS) Route Selection should select Ronnie route","status":"passed","title":"should select Ronnie route","duration":1,"failureMessages":[]},{"ancestorTitles":["","SceneProgressionController (REAL IMPORTS)","Route Selection"],"fullName":" SceneProgressionController (REAL IMPORTS) Route Selection should select Tori route","status":"passed","title":"should select Tori route","duration":1,"failureMessages":[]},{"ancestorTitles":["","SceneProgressionController (REAL IMPORTS)","Route Selection"],"fullName":" SceneProgressionController (REAL IMPORTS) Route Selection should not switch if already selected","status":"passed","title":"should not switch if already selected","duration":1,"failureMessages":[]}],"startTime":1768776476430,"endTime":1768776476457,"status":"passed","message":"","name":"C:/Users/silve/Downloads/GitHub/VN-Project/tests/scene-progression-controller.test.js"},{"assertionResults":[{"ancestorTitles":["","StateManager","Basic get/set operations"],"fullName":" StateManager Basic get/set operations should get and set values","status":"passed","title":"should get and set values","duration":4,"failureMessages":[]},{"ancestorTitles":["","StateManager","Basic get/set operations"],"fullName":" StateManager Basic get/set operations should handle nested paths","status":"passed","title":"should handle nested paths","duration":0,"failureMessages":[]},{"ancestorTitles":["","StateManager","Basic get/set operations"],"fullName":" StateManager Basic get/set operations should return undefined for non-existent paths","status":"passed","title":"should return undefined for non-existent paths","duration":1,"failureMessages":[]},{"ancestorTitles":["","StateManager","Basic get/set operations"],"fullName":" StateManager Basic get/set operations should handle setting null values","status":"passed","title":"should handle setting null values","duration":1,"failureMessages":[]},{"ancestorTitles":["","StateManager","Deep cloning"],"fullName":" StateManager Deep cloning should return deep clones to prevent mutations","status":"passed","title":"should return deep clones to prevent mutations","duration":1,"failureMessages":[]},{"ancestorTitles":["","StateManager","Deep cloning"],"fullName":" StateManager Deep cloning should deep clone on set to prevent external mutations","status":"passed","title":"should deep clone on set to prevent external mutations","duration":0,"failureMessages":[]},{"ancestorTitles":["","StateManager","Reactive subscriptions"],"fullName":" StateManager Reactive subscriptions should notify subscribers on change","status":"passed","title":"should notify subscribers on change","duration":0,"failureMessages":[]},{"ancestorTitles":["","StateManager","Reactive subscri
[...]
tem story-specific cues should trigger tamaEmergency with flash overlay","status":"passed","title":"should trigger tamaEmergency with flash overlay","duration":3,"failureMessages":[]},{"ancestorTitles":["","VisualCueSystem","story-specific cues"],"fullName":" VisualCueSystem story-specific cues should trigger timelineGlitch with scan lines","status":"passed","title":"should trigger timelineGlitch with scan lines","duration":12,"failureMessages":[]},{"ancestorTitles":["","VisualCueSystem","story-specific cues"],"fullName":" VisualCueSystem story-specific cues should trigger codeRipple with 8 particles","status":"passed","title":"should trigger codeRipple with 8 particles","duration":11,"failureMessages":[]},{"ancestorTitles":["","VisualCueSystem","story-specific cues"],"fullName":" VisualCueSystem story-specific cues should use 848 sacred numbers in code particles","status":"passed","title":"should use 848 sacred numbers in code particles","duration":5,"failureMessages":[]},{"ancestorTitles":["","VisualCueSystem","denial cues"],"fullName":" VisualCueSystem denial cues should trigger denied with glitch line","status":"passed","title":"should trigger denied with glitch line","duration":13,"failureMessages":[]},{"ancestorTitles":["","VisualCueSystem","denial cues"],"fullName":" VisualCueSystem denial cues should trigger harshDenial with ACCESS DENIED text","status":"passed","title":"should trigger harshDenial with ACCESS DENIED text","duration":69,"failureMessages":[]},{"ancestorTitles":["","VisualCueSystem","denial cues"],"fullName":" VisualCueSystem denial cues should create red flash overlay for harshDenial","status":"passed","title":"should create red flash overlay for harshDenial","duration":8,"failureMessages":[]},{"ancestorTitles":["","VisualCueSystem","UI interaction cues"],"fullName":" VisualCueSystem UI interaction cues should trigger buttonPress with scale effect","status":"passed","title":"should trigger buttonPress with scale effect","duration":3,"failureMessages":[]},{"ancestorTitles":["","VisualCueSystem","UI interaction cues"],"fullName":" VisualCueSystem UI interaction cues should trigger menuSelect with animation","status":"passed","title":"should trigger menuSelect with animation","duration":2,"failureMessages":[]},{"ancestorTitles":["","VisualCueSystem","UI interaction cues"],"fullName":" VisualCueSystem UI interaction cues should trigger cardSnap with pop animation","status":"passed","title":"should trigger cardSnap with pop animation","duration":1,"failureMessages":[]},{"ancestorTitles":["","VisualCueSystem","UI interaction cues"],"fullName":" VisualCueSystem UI interaction cues should handle positioned portraits in cardSnap","status":"passed","title":"should handle positioned portraits in cardSnap","duration":4,"failureMessages":[]},{"ancestorTitles":["","VisualCueSystem","cleanup"],"fullName":" VisualCueSystem cleanup should clear all active effects","status":"passed","title":"should clear all active effects","duration":3,"failureMessages":[]},{"ancestorTitles":["","VisualCueSystem","EventBus integration"],"fullName":" VisualCueSystem EventBus integration should respond to visual:cue with type null gracefully","status":"passed","title":"should respond to visual:cue with type null gracefully","duration":2,"failureMessages":[]},{"ancestorTitles":["","VisualCueSystem","EventBus integration"],"fullName":" VisualCueSystem EventBus integration should use provided channel from event","status":"passed","title":"should use provided channel from event","duration":7,"failureMessages":[]},{"ancestorTitles":["","VisualCueSystem","effect timeouts"],"fullName":" VisualCueSystem effect timeouts should remove toriHop effect after duration","status":"passed","title":"should remove toriHop effect after duration","duration":6,"failureMessages":[]},{"ancestorTitles":["","VisualCueSystem","effect timeouts"],"fullName":" VisualCueSystem effect timeouts should remove harshDenial effect after 500ms","status":"passed","title":"should remove harshDenial effect after 500ms","duration":5,"failureMessages":[]},{"ancestorTitles":["","VisualCueSystem","effect timeouts"],"fullName":" VisualCueSystem effect timeouts should remove buttonPress effect after scaled duration","status":"passed","title":"should remove buttonPress effect after scaled duration","duration":2,"failureMessages":[]}],"startTime":1768776476477,"endTime":1768776476804,"status":"passed","message":"","name":"C:/Users/silve/Downloads/GitHub/VN-Project/src/systems/VisualCueSystem.test.ts"},{"assertionResults":[{"ancestorTitles":["","SaveSystem","Auto-save"],"fullName":" SaveSystem Auto-save should auto-save to slot 0 when autoSave is called with valid scene","status":"failed","title":"should auto-save to slot 0 when autoSave is called with valid scene","duration":18,"failureMessages":["expected \"spy\" to be called with arguments: [ StringContaining \"slot0\", …(1) ]\u001b[90m\n\nReceived: \n\n\u001b[1m  1st spy call:\n\n\u001b[22m\u001b[2m  Array [\u001b[22m\n\u001b[32m-   StringContaining \"slot0\",\u001b[90m\n\u001b[32m-   StringContaining \"scene2_intro\",\u001b[90m\n\u001b[31m+   \"vn_save_slot_0\",\u001b[90m\n\u001b[31m+   \"{\\\"metadata\\\":{\\\"slotId\\\":0,\\\"timestamp\\\":1768776480606,\\\"version\\\":1,\\\"sceneId\\\":\\\"scene1\\\",\\\"playtime\\\":123,\\\"summary\\\":\\\"Auto-save: scene2_intro\\\"},\\\"data\\\":{\\\"currentScene\\\":\\\"scene1\\\",\\\"tetherLevel\\\":100,\\\"flags\\\":{},\\\"history\\\":[],\\\"playtime\\\":123}}\",\u001b[90m\n\u001b[2m  ]\u001b[22m\n\u001b[39m\u001b[90m\n\nNumber of calls: \u001b[1m1\u001b[22m\n\u001b[39m"],"location":{"line":67,"column":42}},{"ancestorTitles":["","SaveSystem","Auto-save"],"fullName":" SaveSystem Auto-save should NOT auto-save on main_menu","status":"passed","title":"should NOT auto-save on main_menu","duration":1,"failureMessages":[]},{"ancestorTitles":["","SaveSystem","Auto-save"],"fullName":" SaveSystem Auto-save should NOT auto-save on splash","status":"passed","title":"should NOT auto-save on splash","duration":8,"failureMessages":[]},{"ancestorTitles":["","SaveSystem","Auto-save"],"fullName":" SaveSystem Auto-save should trigger on scene:load event","status":"failed","title":"should trigger on scene:load event","duration":5,"failureMessages":["expected \"triggerAutoSave\" to be called with arguments: [ 'test_scene' ]\u001b[90m\n\nReceived: \n\n\u001b[1m  1st triggerAutoSave call:\n\n\u001b[22m\u001b[2m  Array [\u001b[22m\n\u001b[2m    \"test_scene\",\u001b[22m\n\u001b[31m+   \"scene_load\",\u001b[90m\n\u001b[2m  ]\u001b[22m\n\u001b[39m\u001b[90m\n\nNumber of calls: \u001b[1m1\u001b[22m\n\u001b[39m"],"location":{"line":95,"column":33}},{"ancestorTitles":["","SaveSystem","Manual Save/Load"],"fullName":" SaveSystem Manual Save/Load should save to specified slot","status":"failed","title":"should save to specified slot","duration":2,"failureMessages":["expected \"spy\" to be called with arguments: [ StringContaining \"slot1\", …(1) ]\u001b[90m\n\nReceived: \n\n\u001b[1m  1st spy call:\n\n\u001b[22m\u001b[2m  Array [\u001b[22m\n\u001b[32m-   StringContaining \"slot1\",\u001b[90m\n\u001b[32m-   StringContaining \"Manual Save\",\u001b[90m\n\u001b[31m+   \"vn_save_slot_1\",\u001b[90m\n\u001b[31m+   \"{\\\"metadata\\\":{\\\"slotId\\\":1,\\\"timestamp\\\":1768776480637,\\\"version\\\":1,\\\"sceneId\\\":\\\"scene1\\\",\\\"playtime\\\":123,\\\"summary\\\":\\\"Manual Save\\\"},\\\"data\\\":{\\\"currentScene\\\":\\\"scene1\\\",\\\"tetherLevel\\\":100,\\\"flags\\\":{},\\\"history\\\":[],\\\"playtime\\\":123}}\",\u001b[90m\n\u001b[2m  ]\u001b[22m\n\u001b[39m\u001b[90m\n\nNumber of calls: \u001b[1m1\u001b[22m\n\u001b[39m"],"location":{"line":102,"column":42}},{"ancestorTitles":["","SaveSystem","Manual Save/Load"],"fullName":" SaveSystem Manual Save/Load should load from specified slot","status":"passed","title":"should load from specified slot","duration":2,"failureMessages":[]},{"ancestorTitles":["","SaveSystem","Manual Save/Load"],"fullName":" SaveSystem Manual Save/Load should fail to load if slot empty","status":"passed","title":"should fail to load if slot empty","duration":1,"failureMessages":[]}],"startTime":1768776480603,"endTime":1768776480641,"status":"failed","message":"","name":"C:/Users/silve/Downloads/GitHub/VN-Project/src/tests/SaveSystem.test.ts"},{"assertionResults":[{"ancestorTitles":["","Critical User Flows - Integration Tests","Save and Load Preserves State"],"fullName":" Critical User Flows - Integration Tests Save and Load Preserves State should preserve all game state across save/load cycle","status":"passed","title":"should preserve all game state across save/load cycle","duration":8,"failureMessages":[]},{"ancestorTitles":["","Critical User Flows - Integration Tests","Achievement Unlock Flow"],"fullName":" Critical User Flows - Integration Tests Achievement Unlock Flow should unlock achievement and trigger notification","status":"passed","title":"should unlock achievement and trigger notification","duration":20,"failureMessages":[]},{"ancestorTitles":["","Critical User Flows - Integration Tests","Echo Memory Progression"],"fullName":" Critical User Flows - Integration Tests Echo Memory Progression should increase awareness levels with repeated loops","status":"passed","title":"should increase awareness levels with repeated loops","duration":1,"failureMessages":[]},{"ancestorTitles":["","Critical User Flows - Integration Tests","Echo Memory Progression"],"fullName":" Critical User Flows - Integration Tests Echo Memory Progression should trigger echo comments when awareness is high enough","status":"passed","title":"should trigger echo comments when awareness is high enough","duration":1,"failureMessages":[]},{"ancestorTitles":["","Critical User Flows - Integration Tests","Note Collection Persistence"],"fullName":" Critical User Flows - Integration Tests Note Collection Persistence should persist collected notes across save/load","status":"passed","title":"should persist collected notes across save/load","duration":0,"failureMessages":[]},{"ancestorTitles":["","Critical User Flows - Integration Tests","Tether System Integration"],"fullName":" Critical User Flows - Integration Tests Tether System Integration should record death in echo memory when tether reaches 0","status":"passed","title":"should record death in echo memory when tether reaches 0","duration":0,"failureMessages":[]},{"ancestorTitles":["","Critical User Flows - Integration Tests","Tether System Integration"],"fullName":" Critical User Flows - Integration Tests Tether System Integration should trigger despair comment after repeated deaths","status":"passed","title":"should trigger despair comment after repeated deaths","duration":0,"failureMessages":[]},{"ancestorTitles":["","Critical User Flows - Integration Tests","Settings Persistence"],"fullName":" Critical User Flows - Integration Tests Settings Persistence should persist settings to localStorage","status":"passed","title":"should persist settings to localStorage","duration":0,"failureMessages":[]},{"ancestorTitles":["","Critical User Flows - Integration Tests","Settings Persistence"],"fullName":" Critical User Flows - Integration Tests Settings Persistence should persist loop version across page refresh","status":"passed","title":"should persist loop version across page refresh","duration":1,"failureMessages":[]}],"startTime":1768776478019,"endTime":1768776478055,"status":"passed","message":"","name":"C:/Users/silve/Downloads/GitHub/VN-Project/tests/integration/critical-flows.test.js"},{"assertionResults":[{"ancestorTitles":["","Content Verification","Prologue Assets"],"fullName":" Content Verification Prologue Assets should have valid background images","status":"passed","title":"should have valid background images","duration":3,"failureMessages":[]},{"ancestorTitles":["","Content Verification","Prologue Assets"],"fullName":" Content Verification Prologue Assets should have valid sprite images","status":"passed","title":"should have valid sprite images","duration":3,"failureMessages":[]},{"ancestorTitles":["","Content Verification","Ronnie Route Assets"],"fullName":" Content Verification Ronnie Route Assets should have valid background and sprite images","status":"passed","title":"should have valid background and sprite images","duration":26,"failureMessages":[]},{"ancestorTitles":["","Content Verification","Tori Route Assets"],"fullName":" Content Verification Tori Route Assets should have valid background and sprite images","status":"passed","title":"should have valid background and sprite images","duration":18,"failureMessages":[]},{"ancestorTitles":["","Content Verification","Prologue Playthrough Simulation"],"fullName":" Content Verification Prologue Playthrough Simulation should form a connected chain of scenes","status":"passed","title":"should form a connected chain of scenes","duration":2,"failureMessages":[]},{"ancestorTitles":["","Content Verification","Ronnie Act 1 Logic"],"fullName":" Content Verification Ronnie Act 1 Logic should have branching choices for first conversation","status":"passed","title":"should have branching choices for first conversation","duration":0,"failureMessages":[]},{"ancestorTitles":["","Content Verification","Tori Route Act 1"],"fullName":" Content Verification Tori Route Act 1 should form a connected chain of scenes","status":"passed","title":"should form a connected chain of scenes","duration":1,"failureMessages":[]},{"ancestorTitles":["","Content Verification","Tori Route Act 2"],"fullName":" Content Verification Tori Route Act 2 should form a connected chain of scenes","status":"passed","title":"should form a connected chain of scenes","duration":0,"failureMessages":[]},{"ancestorTitles":["","Content Verification","Tori Route Act 3"],"fullName":" Content Verification Tori Route Act 3 should form a connected chain of scenes","status":"passed","title":"should form a connected chain of scenes","duration":1,"failureMessages":[]},{"ancestorTitles":["","Content Verification","Tori Route Endings"],"fullName":" Content Verification Tori Route Endings should have a critical choice leading to 3 distinct paths","status":"passed","title":"should have a critical choice leading to 3 distinct paths","duration":1,"failureMessages":[]},{"ancestorTitles":["","Content Verification","Tori Route Endings"],"fullName":" Content Verification Tori Route Endings should complete Bad Route chain","status":"passed","title":"should complete Bad Route chain","duration":0,"failureMessages":[]},{"ancestorTitles":["","Content Verification","Tori Route Endings"],"fullName":" Content Verification Tori Route Endings should complete True Route chain","status":"passed","title":"should complete True Route chain","duration":0,"failureMessages":[]},{"ancestorTitles":["","Content Verification","Tori Route Endings"],"fullName":" Content Verification Tori Route Endings should complete Digital Forever chain","status":"passed","title":"should complete Digital Forever chain","duration":0,"failureMessages":[]},{"ancestorTitles":["","Content Verification","Ronnie Route"],"fullName":" Content Verification Ronnie Route Ronnie Act 1 should form a connected chain","status":"passed","title":"Ronnie Act 1 should form a connected chain","duration":0,"failureMessages":[]},{"ancestorTitles":["","Content Verification","Ronnie Route"],"fullName":" Content Verification Ronnie Route Ronnie Act 2 should form a connected chain","status":"passed","title":"Ronnie Act 2 should form a connected chain","duration":0,"failureMessages":[]},{"ancestorTitles":["","Content Verification","Ronnie Route"],"fullName":" Content Verification Ronnie Route Ronnie Act 3 should form a connected chain to Critical Choice","status":"passed","title":"Ronnie Act 3 should form a connected chain to Critical Choice","duration":0,"failureMessages":[]},{"ancestorTitles":["","Content Verification","Ronnie Route","Ronnie Endings"],"fullName":" Content Verification Ronnie Route Ronnie Endings should verify True Route Ending chain","status":"passed","title":"should verify True Route Ending chain","duration":1,"failureMessages":[]},{"ancestorTitles":["","Content Verification","Ronnie Route","Ronnie Endings"],"fullName":" Content Verification Ronnie Route Ronnie Endings should verify Bad Route Ending chain","status":"passed","title":"should verify Bad Route Ending chain","duration":0,"failureMessages":[]},{"ancestorTitles":["","Content Verification","Ronnie Route","Ronnie Endings"],"fullName":" Content Verification Ronnie Route Ronnie Endings should verify Digital Forever Ending chain","status":"passed","title":"should verify Digital Forever Ending chain","duration":0,"failureMessages":[]},{"ancestorTitles":["","Content Verification","Epilogue Route"],"fullName":" Content Verification Epilogue Route should form a connected chain of scenes","status":"passed","title":"should form a connected chain of scenes","duration":0,"failureMessages":[]}],"startTime":1768776476599,"endTime":1768776476656,"status":"passed","message":"","name":"C:/Users/silve/Downloads/GitHub/VN-Project/src/tests/integration/ContentVerification.test.ts"},{"assertionResults":[{"ancestorTitles":["","Micro-Migration Integration"],"fullName":" Micro-Migration Integration should verify the full lifecycle of the migration scene","status":"passed","title":"should verify the full lifecycle of the migration scene","duration":10,"failureMessages":[]}],"startTime":1768776480699,"endTime":1768776480709,"status":"passed","message":"","name":"C:/Users/silve/Downloads/GitHub/VN-Project/src/tests/integration/MicroMigration.test.ts"},{"assertionResults":[{"ancestorTitles":["","CodeRain"],"fullName":" CodeRain should create canvas and append to container","status":"passed","title":"should create canvas and append to container","duration":26,"failureMessages":[]},{"ancestorTitles":["","CodeRain"],"fullName":" CodeRain should start animation loop","status":"passed","title":"should start animation loop","duration":10,"failureMessages":[]},{"ancestorTitles":["","CodeRain"],"fullName":" CodeRain should handle resize","status":"passed","title":"should handle resize","duration":5,"failureMessages":[]},{"ancestorTitles":["","CodeRain"],"fullName":" CodeRain should cleanup on destroy","status":"passed","title":"should cleanup on destroy","duration":5,"failureMessages":[]}],"startTime":1768776480903,"endTime":1768776480949,"status":"passed","message":"","name":"C:/Users/silve/Downloads/GitHub/VN-Project/src/ui/components/CodeRain.test.ts"},{"assertionResults":[{"ancestorTitles":["","GameLayout"],"fullName":" GameLayout should mount layout to the requested container","status":"passed","title":"should mount layout to the requested container","duration":32,"failureMessages":[]},{"ancestorTitles":["","GameLayout"],"fullName":" GameLayout should update tether display width","status":"passed","title":"should update tether display width","duration":7,"failureMessages":[]}],"startTime":1768776482276,"endTime":1768776482315,"status":"passed","message":"","name":"C:/Users/silve/Downloads/GitHub/VN-Project/src/ui/components/GameLayout.test.ts"},{"assertionResults":[{"ancestorTitles":["","VisualEffectsLayer"],"fullName":" VisualEffectsLayer should trigger shake effect (heavy) on event","status":"passed","title":"should trigger shake effect (heavy) on event","duration":6,"failureMessages":[]},{"ancestorTitles":["","VisualEffectsLayer"],"fullName":" VisualEffectsLayer should trigger glitch effect on event","status":"passed","title":"should trigger glitch effect on event","duration":1,"failureMessages":[]},{"ancestorTitles":["","VisualEffectsLayer"],"fullName":" VisualEffectsLayer should trigger flash effect on event","status":"passed","title":"should trigger flash effect on event","duration":44,"failureMessages":[]}],"startTime":1768776480979,"endTime":1768776481031,"status":"passed","message":"","name":"C:/Users/silve/Downloads/GitHub/VN-Project/src/ui/components/VisualEffectsLayer.test.ts"}]}